<?xml version="1.0" encoding="UTF-8"?>
<testsuite xmlns:xsi="http://www.w3.org/2001/XMLSchema-instance" xsi:noNamespaceSchemaLocation="https://maven.apache.org/surefire/maven-surefire-plugin/xsd/surefire-test-report-3.0.xsd" version="3.0" name="TestSuite" time="3.917" tests="2" errors="0" skipped="0" failures="0">
  <properties>
    <property name="java.specification.version" value="17"/>
    <property name="sun.cpu.isalist" value="amd64"/>
    <property name="sun.jnu.encoding" value="Cp1252"/>
    <property name="java.class.path" value="C:\Users\VikramKumarMEHTA\eclipse-workspace\AudiApiAutomation\target\test-classes;C:\Users\VikramKumarMEHTA\eclipse-workspace\AudiApiAutomation\target\classes;C:\Users\VikramKumarMEHTA\.m2\repository\io\rest-assured\rest-assured\5.1.1\rest-assured-5.1.1.jar;C:\Users\VikramKumarMEHTA\.m2\repository\org\apache\groovy\groovy\4.0.1\groovy-4.0.1.jar;C:\Users\VikramKumarMEHTA\.m2\repository\org\apache\groovy\groovy-xml\4.0.1\groovy-xml-4.0.1.jar;C:\Users\VikramKumarMEHTA\.m2\repository\org\apache\httpcomponents\httpclient\4.5.13\httpclient-4.5.13.jar;C:\Users\VikramKumarMEHTA\.m2\repository\org\apache\httpcomponents\httpcore\4.4.13\httpcore-4.4.13.jar;C:\Users\VikramKumarMEHTA\.m2\repository\commons-logging\commons-logging\1.2\commons-logging-1.2.jar;C:\Users\VikramKumarMEHTA\.m2\repository\org\apache\httpcomponents\httpmime\4.5.13\httpmime-4.5.13.jar;C:\Users\VikramKumarMEHTA\.m2\repository\org\hamcrest\hamcrest\2.1\hamcrest-2.1.jar;C:\Users\VikramKumarMEHTA\.m2\repository\org\ccil\cowan\tagsoup\tagsoup\1.2.1\tagsoup-1.2.1.jar;C:\Users\VikramKumarMEHTA\.m2\repository\io\rest-assured\json-path\5.1.1\json-path-5.1.1.jar;C:\Users\VikramKumarMEHTA\.m2\repository\org\apache\groovy\groovy-json\4.0.1\groovy-json-4.0.1.jar;C:\Users\VikramKumarMEHTA\.m2\repository\io\rest-assured\rest-assured-common\5.1.1\rest-assured-common-5.1.1.jar;C:\Users\VikramKumarMEHTA\.m2\repository\io\rest-assured\xml-path\5.1.1\xml-path-5.1.1.jar;C:\Users\VikramKumarMEHTA\.m2\repository\org\apache\commons\commons-lang3\3.11\commons-lang3-3.11.jar;C:\Users\VikramKumarMEHTA\.m2\repository\io\rest-assured\json-schema-validator\5.1.1\json-schema-validator-5.1.1.jar;C:\Users\VikramKumarMEHTA\.m2\repository\com\github\java-json-tools\json-schema-validator\2.2.14\json-schema-validator-2.2.14.jar;C:\Users\VikramKumarMEHTA\.m2\repository\com\google\guava\guava\28.2-android\guava-28.2-android.jar;C:\Users\VikramKumarMEHTA\.m2\repository\com\google\guava\failureaccess\1.0.1\failureaccess-1.0.1.jar;C:\Users\VikramKumarMEHTA\.m2\repository\com\google\guava\listenablefuture\9999.0-empty-to-avoid-conflict-with-guava\listenablefuture-9999.0-empty-to-avoid-conflict-with-guava.jar;C:\Users\VikramKumarMEHTA\.m2\repository\org\checkerframework\checker-compat-qual\2.5.5\checker-compat-qual-2.5.5.jar;C:\Users\VikramKumarMEHTA\.m2\repository\com\google\errorprone\error_prone_annotations\2.3.4\error_prone_annotations-2.3.4.jar;C:\Users\VikramKumarMEHTA\.m2\repository\com\google\j2objc\j2objc-annotations\1.3\j2objc-annotations-1.3.jar;C:\Users\VikramKumarMEHTA\.m2\repository\com\github\java-json-tools\jackson-coreutils-equivalence\1.0\jackson-coreutils-equivalence-1.0.jar;C:\Users\VikramKumarMEHTA\.m2\repository\com\github\java-json-tools\jackson-coreutils\2.0\jackson-coreutils-2.0.jar;C:\Users\VikramKumarMEHTA\.m2\repository\com\github\java-json-tools\msg-simple\1.2\msg-simple-1.2.jar;C:\Users\VikramKumarMEHTA\.m2\repository\com\github\java-json-tools\btf\1.3\btf-1.3.jar;C:\Users\VikramKumarMEHTA\.m2\repository\com\github\java-json-tools\json-schema-core\1.2.14\json-schema-core-1.2.14.jar;C:\Users\VikramKumarMEHTA\.m2\repository\com\github\java-json-tools\uri-template\0.10\uri-template-0.10.jar;C:\Users\VikramKumarMEHTA\.m2\repository\org\mozilla\rhino\1.7.7.2\rhino-1.7.7.2.jar;C:\Users\VikramKumarMEHTA\.m2\repository\com\sun\mail\mailapi\1.6.2\mailapi-1.6.2.jar;C:\Users\VikramKumarMEHTA\.m2\repository\joda-time\joda-time\2.10.5\joda-time-2.10.5.jar;C:\Users\VikramKumarMEHTA\.m2\repository\com\googlecode\libphonenumber\libphonenumber\8.11.1\libphonenumber-8.11.1.jar;C:\Users\VikramKumarMEHTA\.m2\repository\com\google\code\findbugs\jsr305\3.0.2\jsr305-3.0.2.jar;C:\Users\VikramKumarMEHTA\.m2\repository\net\sf\jopt-simple\jopt-simple\5.0.4\jopt-simple-5.0.4.jar;C:\Users\VikramKumarMEHTA\.m2\repository\com\google\code\gson\gson\2.10.1\gson-2.10.1.jar;C:\Users\VikramKumarMEHTA\.m2\repository\org\testng\testng\7.7.1\testng-7.7.1.jar;C:\Users\VikramKumarMEHTA\.m2\repository\org\slf4j\slf4j-api\1.7.36\slf4j-api-1.7.36.jar;C:\Users\VikramKumarMEHTA\.m2\repository\com\beust\jcommander\1.82\jcommander-1.82.jar;C:\Users\VikramKumarMEHTA\.m2\repository\org\webjars\jquery\3.6.1\jquery-3.6.1.jar;C:\Users\VikramKumarMEHTA\.m2\repository\com\github\scribejava\scribejava-apis\8.3.1\scribejava-apis-8.3.1.jar;C:\Users\VikramKumarMEHTA\.m2\repository\com\github\scribejava\scribejava-core\8.3.1\scribejava-core-8.3.1.jar;C:\Users\VikramKumarMEHTA\.m2\repository\com\github\scribejava\scribejava-java8\8.3.1\scribejava-java8-8.3.1.jar;C:\Users\VikramKumarMEHTA\.m2\repository\org\json\json\20220320\json-20220320.jar;C:\Users\VikramKumarMEHTA\.m2\repository\com\github\javafaker\javafaker\1.0.2\javafaker-1.0.2.jar;C:\Users\VikramKumarMEHTA\.m2\repository\org\yaml\snakeyaml\1.23\snakeyaml-1.23-android.jar;C:\Users\VikramKumarMEHTA\.m2\repository\com\github\mifmif\generex\1.0.2\generex-1.0.2.jar;C:\Users\VikramKumarMEHTA\.m2\repository\dk\brics\automaton\automaton\1.11-8\automaton-1.11-8.jar;C:\Users\VikramKumarMEHTA\.m2\repository\org\apache\poi\poi\5.2.3\poi-5.2.3.jar;C:\Users\VikramKumarMEHTA\.m2\repository\commons-codec\commons-codec\1.15\commons-codec-1.15.jar;C:\Users\VikramKumarMEHTA\.m2\repository\org\apache\commons\commons-collections4\4.4\commons-collections4-4.4.jar;C:\Users\VikramKumarMEHTA\.m2\repository\org\apache\commons\commons-math3\3.6.1\commons-math3-3.6.1.jar;C:\Users\VikramKumarMEHTA\.m2\repository\commons-io\commons-io\2.11.0\commons-io-2.11.0.jar;C:\Users\VikramKumarMEHTA\.m2\repository\com\zaxxer\SparseBitSet\1.2\SparseBitSet-1.2.jar;C:\Users\VikramKumarMEHTA\.m2\repository\org\apache\poi\poi-ooxml\5.2.3\poi-ooxml-5.2.3.jar;C:\Users\VikramKumarMEHTA\.m2\repository\org\apache\poi\poi-ooxml-lite\5.2.3\poi-ooxml-lite-5.2.3.jar;C:\Users\VikramKumarMEHTA\.m2\repository\org\apache\xmlbeans\xmlbeans\5.1.1\xmlbeans-5.1.1.jar;C:\Users\VikramKumarMEHTA\.m2\repository\org\apache\commons\commons-compress\1.21\commons-compress-1.21.jar;C:\Users\VikramKumarMEHTA\.m2\repository\com\github\virtuald\curvesapi\1.07\curvesapi-1.07.jar;C:\Users\VikramKumarMEHTA\.m2\repository\com\aventstack\extentreports\5.0.9\extentreports-5.0.9.jar;C:\Users\VikramKumarMEHTA\.m2\repository\io\reactivex\rxjava3\rxjava\3.0.4\rxjava-3.0.4.jar;C:\Users\VikramKumarMEHTA\.m2\repository\org\reactivestreams\reactive-streams\1.0.3\reactive-streams-1.0.3.jar;C:\Users\VikramKumarMEHTA\.m2\repository\org\freemarker\freemarker\2.3.30\freemarker-2.3.30.jar;C:\Users\VikramKumarMEHTA\.m2\repository\org\apache\logging\log4j\log4j-api\2.20.0\log4j-api-2.20.0.jar;C:\Users\VikramKumarMEHTA\.m2\repository\org\apache\logging\log4j\log4j-core\2.20.0\log4j-core-2.20.0.jar;C:\Users\VikramKumarMEHTA\.m2\repository\com\fasterxml\jackson\core\jackson-databind\2.13.3\jackson-databind-2.13.3.jar;C:\Users\VikramKumarMEHTA\.m2\repository\com\fasterxml\jackson\core\jackson-core\2.13.3\jackson-core-2.13.3.jar;C:\Users\VikramKumarMEHTA\.m2\repository\com\fasterxml\jackson\core\jackson-annotations\2.13.3\jackson-annotations-2.13.3.jar;C:\Users\VikramKumarMEHTA\.m2\repository\org\projectlombok\lombok\1.18.30\lombok-1.18.30.jar;C:\Users\VikramKumarMEHTA\.m2\repository\ch\qos\logback\logback-classic\1.2.11\logback-classic-1.2.11.jar;C:\Users\VikramKumarMEHTA\.m2\repository\ch\qos\logback\logback-core\1.2.11\logback-core-1.2.11.jar;"/>
    <property name="java.vm.vendor" value="Oracle Corporation"/>
    <property name="sun.arch.data.model" value="64"/>
    <property name="user.variant" value=""/>
    <property name="java.vendor.url" value="https://java.oracle.com/"/>
    <property name="user.timezone" value="Asia/Calcutta"/>
    <property name="os.name" value="Windows 11"/>
    <property name="java.vm.specification.version" value="17"/>
    <property name="sun.java.launcher" value="SUN_STANDARD"/>
    <property name="user.country" value="IN"/>
    <property name="sun.boot.library.path" value="C:\Program Files\Java\jdk-17\bin"/>
    <property name="sun.java.command" value="C:\Users\VikramKumarMEHTA\AppData\Local\Temp\surefire7627471648739810841\surefirebooter-20240729120742096_3.jar C:\Users\VikramKumarMEHTA\AppData\Local\Temp\surefire7627471648739810841 2024-07-29T12-07-41_958-jvmRun1 surefire-20240729120742096_1tmp surefire_0-20240729120742096_2tmp"/>
    <property name="jdk.debug" value="release"/>
    <property name="surefire.test.class.path" value="C:\Users\VikramKumarMEHTA\eclipse-workspace\AudiApiAutomation\target\test-classes;C:\Users\VikramKumarMEHTA\eclipse-workspace\AudiApiAutomation\target\classes;C:\Users\VikramKumarMEHTA\.m2\repository\io\rest-assured\rest-assured\5.1.1\rest-assured-5.1.1.jar;C:\Users\VikramKumarMEHTA\.m2\repository\org\apache\groovy\groovy\4.0.1\groovy-4.0.1.jar;C:\Users\VikramKumarMEHTA\.m2\repository\org\apache\groovy\groovy-xml\4.0.1\groovy-xml-4.0.1.jar;C:\Users\VikramKumarMEHTA\.m2\repository\org\apache\httpcomponents\httpclient\4.5.13\httpclient-4.5.13.jar;C:\Users\VikramKumarMEHTA\.m2\repository\org\apache\httpcomponents\httpcore\4.4.13\httpcore-4.4.13.jar;C:\Users\VikramKumarMEHTA\.m2\repository\commons-logging\commons-logging\1.2\commons-logging-1.2.jar;C:\Users\VikramKumarMEHTA\.m2\repository\org\apache\httpcomponents\httpmime\4.5.13\httpmime-4.5.13.jar;C:\Users\VikramKumarMEHTA\.m2\repository\org\hamcrest\hamcrest\2.1\hamcrest-2.1.jar;C:\Users\VikramKumarMEHTA\.m2\repository\org\ccil\cowan\tagsoup\tagsoup\1.2.1\tagsoup-1.2.1.jar;C:\Users\VikramKumarMEHTA\.m2\repository\io\rest-assured\json-path\5.1.1\json-path-5.1.1.jar;C:\Users\VikramKumarMEHTA\.m2\repository\org\apache\groovy\groovy-json\4.0.1\groovy-json-4.0.1.jar;C:\Users\VikramKumarMEHTA\.m2\repository\io\rest-assured\rest-assured-common\5.1.1\rest-assured-common-5.1.1.jar;C:\Users\VikramKumarMEHTA\.m2\repository\io\rest-assured\xml-path\5.1.1\xml-path-5.1.1.jar;C:\Users\VikramKumarMEHTA\.m2\repository\org\apache\commons\commons-lang3\3.11\commons-lang3-3.11.jar;C:\Users\VikramKumarMEHTA\.m2\repository\io\rest-assured\json-schema-validator\5.1.1\json-schema-validator-5.1.1.jar;C:\Users\VikramKumarMEHTA\.m2\repository\com\github\java-json-tools\json-schema-validator\2.2.14\json-schema-validator-2.2.14.jar;C:\Users\VikramKumarMEHTA\.m2\repository\com\google\guava\guava\28.2-android\guava-28.2-android.jar;C:\Users\VikramKumarMEHTA\.m2\repository\com\google\guava\failureaccess\1.0.1\failureaccess-1.0.1.jar;C:\Users\VikramKumarMEHTA\.m2\repository\com\google\guava\listenablefuture\9999.0-empty-to-avoid-conflict-with-guava\listenablefuture-9999.0-empty-to-avoid-conflict-with-guava.jar;C:\Users\VikramKumarMEHTA\.m2\repository\org\checkerframework\checker-compat-qual\2.5.5\checker-compat-qual-2.5.5.jar;C:\Users\VikramKumarMEHTA\.m2\repository\com\google\errorprone\error_prone_annotations\2.3.4\error_prone_annotations-2.3.4.jar;C:\Users\VikramKumarMEHTA\.m2\repository\com\google\j2objc\j2objc-annotations\1.3\j2objc-annotations-1.3.jar;C:\Users\VikramKumarMEHTA\.m2\repository\com\github\java-json-tools\jackson-coreutils-equivalence\1.0\jackson-coreutils-equivalence-1.0.jar;C:\Users\VikramKumarMEHTA\.m2\repository\com\github\java-json-tools\jackson-coreutils\2.0\jackson-coreutils-2.0.jar;C:\Users\VikramKumarMEHTA\.m2\repository\com\github\java-json-tools\msg-simple\1.2\msg-simple-1.2.jar;C:\Users\VikramKumarMEHTA\.m2\repository\com\github\java-json-tools\btf\1.3\btf-1.3.jar;C:\Users\VikramKumarMEHTA\.m2\repository\com\github\java-json-tools\json-schema-core\1.2.14\json-schema-core-1.2.14.jar;C:\Users\VikramKumarMEHTA\.m2\repository\com\github\java-json-tools\uri-template\0.10\uri-template-0.10.jar;C:\Users\VikramKumarMEHTA\.m2\repository\org\mozilla\rhino\1.7.7.2\rhino-1.7.7.2.jar;C:\Users\VikramKumarMEHTA\.m2\repository\com\sun\mail\mailapi\1.6.2\mailapi-1.6.2.jar;C:\Users\VikramKumarMEHTA\.m2\repository\joda-time\joda-time\2.10.5\joda-time-2.10.5.jar;C:\Users\VikramKumarMEHTA\.m2\repository\com\googlecode\libphonenumber\libphonenumber\8.11.1\libphonenumber-8.11.1.jar;C:\Users\VikramKumarMEHTA\.m2\repository\com\google\code\findbugs\jsr305\3.0.2\jsr305-3.0.2.jar;C:\Users\VikramKumarMEHTA\.m2\repository\net\sf\jopt-simple\jopt-simple\5.0.4\jopt-simple-5.0.4.jar;C:\Users\VikramKumarMEHTA\.m2\repository\com\google\code\gson\gson\2.10.1\gson-2.10.1.jar;C:\Users\VikramKumarMEHTA\.m2\repository\org\testng\testng\7.7.1\testng-7.7.1.jar;C:\Users\VikramKumarMEHTA\.m2\repository\org\slf4j\slf4j-api\1.7.36\slf4j-api-1.7.36.jar;C:\Users\VikramKumarMEHTA\.m2\repository\com\beust\jcommander\1.82\jcommander-1.82.jar;C:\Users\VikramKumarMEHTA\.m2\repository\org\webjars\jquery\3.6.1\jquery-3.6.1.jar;C:\Users\VikramKumarMEHTA\.m2\repository\com\github\scribejava\scribejava-apis\8.3.1\scribejava-apis-8.3.1.jar;C:\Users\VikramKumarMEHTA\.m2\repository\com\github\scribejava\scribejava-core\8.3.1\scribejava-core-8.3.1.jar;C:\Users\VikramKumarMEHTA\.m2\repository\com\github\scribejava\scribejava-java8\8.3.1\scribejava-java8-8.3.1.jar;C:\Users\VikramKumarMEHTA\.m2\repository\org\json\json\20220320\json-20220320.jar;C:\Users\VikramKumarMEHTA\.m2\repository\com\github\javafaker\javafaker\1.0.2\javafaker-1.0.2.jar;C:\Users\VikramKumarMEHTA\.m2\repository\org\yaml\snakeyaml\1.23\snakeyaml-1.23-android.jar;C:\Users\VikramKumarMEHTA\.m2\repository\com\github\mifmif\generex\1.0.2\generex-1.0.2.jar;C:\Users\VikramKumarMEHTA\.m2\repository\dk\brics\automaton\automaton\1.11-8\automaton-1.11-8.jar;C:\Users\VikramKumarMEHTA\.m2\repository\org\apache\poi\poi\5.2.3\poi-5.2.3.jar;C:\Users\VikramKumarMEHTA\.m2\repository\commons-codec\commons-codec\1.15\commons-codec-1.15.jar;C:\Users\VikramKumarMEHTA\.m2\repository\org\apache\commons\commons-collections4\4.4\commons-collections4-4.4.jar;C:\Users\VikramKumarMEHTA\.m2\repository\org\apache\commons\commons-math3\3.6.1\commons-math3-3.6.1.jar;C:\Users\VikramKumarMEHTA\.m2\repository\commons-io\commons-io\2.11.0\commons-io-2.11.0.jar;C:\Users\VikramKumarMEHTA\.m2\repository\com\zaxxer\SparseBitSet\1.2\SparseBitSet-1.2.jar;C:\Users\VikramKumarMEHTA\.m2\repository\org\apache\poi\poi-ooxml\5.2.3\poi-ooxml-5.2.3.jar;C:\Users\VikramKumarMEHTA\.m2\repository\org\apache\poi\poi-ooxml-lite\5.2.3\poi-ooxml-lite-5.2.3.jar;C:\Users\VikramKumarMEHTA\.m2\repository\org\apache\xmlbeans\xmlbeans\5.1.1\xmlbeans-5.1.1.jar;C:\Users\VikramKumarMEHTA\.m2\repository\org\apache\commons\commons-compress\1.21\commons-compress-1.21.jar;C:\Users\VikramKumarMEHTA\.m2\repository\com\github\virtuald\curvesapi\1.07\curvesapi-1.07.jar;C:\Users\VikramKumarMEHTA\.m2\repository\com\aventstack\extentreports\5.0.9\extentreports-5.0.9.jar;C:\Users\VikramKumarMEHTA\.m2\repository\io\reactivex\rxjava3\rxjava\3.0.4\rxjava-3.0.4.jar;C:\Users\VikramKumarMEHTA\.m2\repository\org\reactivestreams\reactive-streams\1.0.3\reactive-streams-1.0.3.jar;C:\Users\VikramKumarMEHTA\.m2\repository\org\freemarker\freemarker\2.3.30\freemarker-2.3.30.jar;C:\Users\VikramKumarMEHTA\.m2\repository\org\apache\logging\log4j\log4j-api\2.20.0\log4j-api-2.20.0.jar;C:\Users\VikramKumarMEHTA\.m2\repository\org\apache\logging\log4j\log4j-core\2.20.0\log4j-core-2.20.0.jar;C:\Users\VikramKumarMEHTA\.m2\repository\com\fasterxml\jackson\core\jackson-databind\2.13.3\jackson-databind-2.13.3.jar;C:\Users\VikramKumarMEHTA\.m2\repository\com\fasterxml\jackson\core\jackson-core\2.13.3\jackson-core-2.13.3.jar;C:\Users\VikramKumarMEHTA\.m2\repository\com\fasterxml\jackson\core\jackson-annotations\2.13.3\jackson-annotations-2.13.3.jar;C:\Users\VikramKumarMEHTA\.m2\repository\org\projectlombok\lombok\1.18.30\lombok-1.18.30.jar;C:\Users\VikramKumarMEHTA\.m2\repository\ch\qos\logback\logback-classic\1.2.11\logback-classic-1.2.11.jar;C:\Users\VikramKumarMEHTA\.m2\repository\ch\qos\logback\logback-core\1.2.11\logback-core-1.2.11.jar;"/>
    <property name="sun.cpu.endian" value="little"/>
    <property name="user.home" value="C:\Users\VikramKumarMEHTA"/>
    <property name="user.language" value="en"/>
    <property name="java.specification.vendor" value="Oracle Corporation"/>
    <property name="java.version.date" value="2023-07-18"/>
    <property name="java.home" value="C:\Program Files\Java\jdk-17"/>
    <property name="file.separator" value="\"/>
    <property name="basedir" value="C:\Users\VikramKumarMEHTA\eclipse-workspace\AudiApiAutomation"/>
    <property name="java.vm.compressedOopsMode" value="Zero based"/>
    <property name="line.separator" value="&#10;"/>
    <property name="java.vm.specification.vendor" value="Oracle Corporation"/>
    <property name="java.specification.name" value="Java Platform API Specification"/>
    <property name="surefire.real.class.path" value="C:\Users\VikramKumarMEHTA\AppData\Local\Temp\surefire7627471648739810841\surefirebooter-20240729120742096_3.jar"/>
    <property name="user.script" value=""/>
    <property name="sun.management.compiler" value="HotSpot 64-Bit Tiered Compilers"/>
    <property name="java.runtime.version" value="17.0.8+9-LTS-211"/>
    <property name="user.name" value="VikramKumarMEHTA"/>
    <property name="path.separator" value=";"/>
    <property name="os.version" value="10.0"/>
    <property name="java.runtime.name" value="Java(TM) SE Runtime Environment"/>
    <property name="file.encoding" value="Cp1252"/>
    <property name="java.vm.name" value="Java HotSpot(TM) 64-Bit Server VM"/>
    <property name="localRepository" value="C:\Users\VikramKumarMEHTA\.m2\repository"/>
    <property name="java.vendor.url.bug" value="https://bugreport.java.com/bugreport/"/>
    <property name="java.io.tmpdir" value="C:\Users\VIKRAM~1\AppData\Local\Temp\"/>
    <property name="java.version" value="17.0.8"/>
    <property name="user.dir" value="C:\Users\VikramKumarMEHTA\eclipse-workspace\AudiApiAutomation"/>
    <property name="os.arch" value="amd64"/>
    <property name="java.vm.specification.name" value="Java Virtual Machine Specification"/>
    <property name="sun.os.patch.level" value=""/>
    <property name="native.encoding" value="Cp1252"/>
    <property name="java.library.path" value="C:\Program Files\Java\jdk-17\bin;C:\Windows\Sun\Java\bin;C:\Windows\system32;C:\Windows;C:\Users\VikramKumarMEHTA\.jenkins\tools\hudson.tasks.Maven_MavenInstallation\my_maven_3.9.8/bin;C:\Program Files\Common Files\Oracle\Java\javapath;C:\Program Files\Eclipse Adoptium\jre-17.0.11.9-hotspot\bin;C:\Program Files\Eclipse Adoptium\jdk-17.0.11.9-hotspot\bin;C:\Windows\system32;C:\Windows;C:\Windows\System32\Wbem;C:\Windows\System32\WindowsPowerShell\v1.0\;C:\Windows\System32\OpenSSH\;C:\Program Files\Java\jdk-11\bin;C:\Program Files\nodejs\;C:\Software\apache-jmeter-5.6.2\apache-jmeter-5.6.2\bin;C:\Program Files (x86)\Microsoft SQL Server\160\Tools\Binn\;C:\Program Files\Microsoft SQL Server\160\Tools\Binn\;C:\Program Files\Microsoft SQL Server\Client SDK\ODBC\170\Tools\Binn\;C:\Program Files\Microsoft SQL Server\160\DTS\Binn\;C:\Program Files\Java\jdk-17\bin;C:\Program Files\Java\jdk-11\bin;C:\ProgramData\Microsoft\Windows\Start Menu\Programs\Git;C:\Program Files\Java\jdk-17\bin\bin;C:\SonarQube\sonar-scanner-cli-5.0.1.3006-windows (1)\sonar-scanner-5.0.1.3006-windows\bin;C:\Program Files\Git\cmd;C:\Users\VikramKumarMEHTA\AppData\Local\Android\Sdk\platform-tools;%ANDROID_HOME%\build-tools;%ANDROID_HOME%\platforms;C:\Users\VikramKumarMEHTA\AppData\Local\Android\Sdk\platform-tools;C:\Program Files\k6\;C:\Users\VikramKumarMEHTA\AppData\Local\Programs\Python\Python39\Scripts\;C:\Users\VikramKumarMEHTA\AppData\Local\Programs\Python\Python39\;C:\Users\VikramKumarMEHTA\AppData\Local\Programs\Python\Python311\Scripts\;C:\Users\VikramKumarMEHTA\AppData\Local\Programs\Python\Python311\;C:\Users\VikramKumarMEHTA\AppData\Local\Microsoft\WindowsApps;C:\Users\VikramKumarMEHTA\AppData\Local\Programs\Microsoft VS Code\bin;C:\Program Files\JetBrains\IntelliJ IDEA Community Edition 2023.2.3\bin;;C:\Users\VikramKumarMEHTA\AppData\Roaming\npm;C:\Software\apache-jmeter-5.6.2\apache-jmeter-5.6.2\bin;C:\Program Files\Git\cmd;C:\Program Files\JetBrains\PyCharm Community Edition 2024.1.2\bin;;C:\Users\VikramKumarMEHTA\dev\flutter\bin;;."/>
    <property name="java.vm.info" value="mixed mode, sharing"/>
    <property name="java.vendor" value="Oracle Corporation"/>
    <property name="java.vm.version" value="17.0.8+9-LTS-211"/>
    <property name="sun.io.unicode.encoding" value="UnicodeLittle"/>
    <property name="java.class.version" value="61.0"/>
  </properties>
  <testcase name="loginTest[fUhXOePNBQFu/nWvv7PGrg==:8y4UCZvUoYB9Cc6kr+f2RAL5Nrhd3sWjk7JjNdsKiRY=, qOVeJ8rTd8TwDM97HgAPBw==:JZ/uwuD2dTRGOntqt0dBaA==, Success](1)" classname="api.test.LoginTest" time="1.446">
    <system-out><![CDATA[12:07:42.536 [main] DEBUG org.testng.TestNG - suiteXmlPath: "C:\Users\VikramKumarMEHTA\eclipse-workspace\AudiApiAutomation\testng.xml"
username: fUhXOePNBQFu/nWvv7PGrg==:8y4UCZvUoYB9Cc6kr+f2RAL5Nrhd3sWjk7JjNdsKiRY=
password: qOVeJ8rTd8TwDM97HgAPBw==:JZ/uwuD2dTRGOntqt0dBaA==
Response Status Code: 200
Response Body: {"access_token":"eyJhbGciOiJIUzI1NiIsInR5cCI6IkpXVCJ9.eyJ1c2VyX2lkIjoxLCJ1c2VyX25hbWUiOiJHaWxzb24gVG9teSIsIm1vZGUiOiJhY2Nlc3NfdG9rZW4iLCJleHAiOjE3MjIyMzg2NjZ9.JryQUg-haPbSBHagAUJpzBaT3fLmEQRrxfQ1vscqt4g","token_type":"bearer","created_at":"2024-07-29T12:07:46.171501+05:30","expired_at":"2024-07-29T13:07:46.171457+05:30"}
Deserialized Response: api.payload.LoginResponse@5bec3e0
]]></system-out>
  </testcase>
  <testcase name="logoutTest" classname="api.test.LogoutTest" time="0.488">
    <system-out><![CDATA[Response Status Code: 200
Response Body: {"message":"Logout Successful"}
]]></system-out>
  </testcase>
</testsuite>