<?xml version="1.0" encoding="UTF-8"?>
<!-- Generated by org.testng.reporters.JUnitReportReporter -->
<testsuite hostname="Vikram" failures="0" tests="1" name="api.test.LogoutTest" time="0.481" errors="0" timestamp="29 Jul 2024 06:33:02 GMT" skipped="0">
  <testcase classname="api.test.LogoutTest" name="logoutTest" time="0.481"/>
</testsuite> <!-- api.test.LogoutTest -->
