<?xml version="1.0" encoding="UTF-8"?>
<!-- Generated by org.testng.reporters.JUnitReportReporter -->
<testsuite hostname="Vikram" failures="0" tests="1" name="api.test.LoginTest" time="1.291" errors="0" timestamp="29 Jul 2024 06:33:02 GMT" skipped="0">
  <testcase classname="api.test.LoginTest" name="loginTest" time="1.291"/>
</testsuite> <!-- api.test.LoginTest -->
