<?xml version="1.0" encoding="UTF-8"?>
<!-- Generated by org.testng.reporters.JUnitReportReporter -->
<testsuite hostname="Vikram" failures="0" tests="1" name="api.test.Sync" time="0.140" errors="0" timestamp="29 Jul 2024 06:32:33 GMT" skipped="0">
  <testcase classname="api.test.Sync" name="sync" time="0.140"/>
</testsuite> <!-- api.test.Sync -->
