<?xml version="1.0" encoding="UTF-8"?>
<!-- Generated by org.testng.reporters.JUnitReportReporter -->
<testsuite hostname="Vikram" failures="0" tests="1" name="api.test.LoginTest" time="1.442" errors="0" timestamp="2024-07-29T12:07:46 IST" skipped="0">
  <testcase classname="api.test.LoginTest" name="loginTest" time="1.442"/>
  <system-out/>
</testsuite> <!-- api.test.LoginTest -->
