<?xml version="1.0" encoding="UTF-8"?>
<!-- Generated by org.testng.reporters.JUnitReportReporter -->
<testsuite hostname="Vikram" failures="0" tests="1" name="api.test.LogoutTest" time="0.488" errors="0" timestamp="2024-07-29T12:07:46 IST" skipped="0">
  <testcase classname="api.test.LogoutTest" name="logoutTest" time="0.488"/>
  <system-out/>
</testsuite> <!-- api.test.LogoutTest -->
